#
# A fatal error has been detected by the Java Runtime Environment:
#
#  EXCEPTION_ACCESS_VIOLATION (0xc0000005) at pc=0x00000000626387a4, pid=65612, tid=0x00000000000100c8
#
# JRE version: Java(TM) SE Runtime Environment (8.0_112-b15) (build 1.8.0_112-b15)
# Java VM: Java HotSpot(TM) 64-Bit Server VM (25.112-b15 mixed mode windows-amd64 compressed oops)
# Problematic frame:
# V  [jvm.dll+0x4887a4]
#
# Failed to write core dump. Minidumps are not enabled by default on client versions of Windows
#
# If you would like to submit a bug report, please visit:
#   http://bugreport.java.com/bugreport/crash.jsp
#

---------------  T H R E A D  ---------------

Current thread (0x00000000169bc800):  JavaThread "C2 CompilerThread1" daemon [_thread_in_native, id=65736, stack(0x00000000183c0000,0x00000000184c0000)]

siginfo: ExceptionCode=0xc0000005, reading address 0x0000000000000050

Registers:
RAX=0x0000000000000000, RBX=0x000000001c0e0fb0, RCX=0x000000001cc77d80, RDX=0x000000001c0e1cd0
RSP=0x00000000184bc3d0, RBP=0x000000001c477d80, RSI=0x000000001b3b5fc0, RDI=0x000000001c0e0fb0
R8 =0x000000001c0e0fb0, R9 =0x0000000000000000, R10=0x000000001cc77d80, R11=0x000000001f0f22b0
R12=0x000000001c0e0fb0, R13=0x000000001c0e2198, R14=0x00000000184bc5f0, R15=0x00000000628349b0
RIP=0x00000000626387a4, EFLAGS=0x0000000000010202

Top of Stack: (sp=0x00000000184bc3d0)
0x00000000184bc3d0:   000000001cc77d80 000000006263b1f1
0x00000000184bc3e0:   00000000184bc5f0 000000001c0e2170
0x00000000184bc3f0:   000000001c0e1a01 0000000018069ab0
0x00000000184bc400:   00000000184bc4d8 00000000184bc4b8
0x00000000184bc410:   00000000184bc5f0 000000006229c9cb
0x00000000184bc420:   0000000016926830 000000001e1adb10
0x00000000184bc430:   0000000000000000 00000000184bc4d9
0x00000000184bc440:   00000000184bc5f0 000000006263b7b9
0x00000000184bc450:   000000001b1110f8 000000001b110b20
0x00000000184bc460:   000000001b109110 000000001bbf74d0
0x00000000184bc470:   0000000000000003 000000001c0aa3f0
0x00000000184bc480:   0000000000000000 0000000000000000
0x00000000184bc490:   0000000000000000 0000000000000000
0x00000000184bc4a0:   0000000000000000 0000000000000000
0x00000000184bc4b0:   0000000000000000 0000000016926830
0x00000000184bc4c0:   0000000000002000 000000001eefec60 

Instructions: (pc=0x00000000626387a4)
0x0000000062638784:   24 0f 3c 0c 74 6a 48 85 c9 74 58 49 3b c9 74 53
0x0000000062638794:   8b 41 50 41 39 41 50 76 0d 0f 1f 00 4d 8b 49 58
0x00000000626387a4:   41 39 41 50 77 f6 41 8b 49 50 3b c1 76 0a 4d 8b
0x00000000626387b4:   52 58 41 39 4a 50 77 f6 4d 3b d1 0f 84 cb 00 00 


Register to memory mapping:

RAX=0x0000000000000000 is an unknown value
RBX=0x000000001c0e0fb0 is an unknown value
RCX=0x000000001cc77d80 is an unknown value
RDX=0x000000001c0e1cd0 is an unknown value
RSP=0x00000000184bc3d0 is pointing into the stack for thread: 0x00000000169bc800
RBP=0x000000001c477d80 is an unknown value
RSI=0x000000001b3b5fc0 is an unknown value
RDI=0x000000001c0e0fb0 is an unknown value
R8 =0x000000001c0e0fb0 is an unknown value
R9 =0x0000000000000000 is an unknown value
R10=0x000000001cc77d80 is an unknown value
R11=0x000000001f0f22b0 is an unknown value
R12=0x000000001c0e0fb0 is an unknown value
R13=0x000000001c0e2198 is an unknown value
R14=0x00000000184bc5f0 is pointing into the stack for thread: 0x00000000169bc800
R15=0x00000000628349b0 is an unknown value


Stack: [0x00000000183c0000,0x00000000184c0000],  sp=0x00000000184bc3d0,  free space=1008k
Native frames: (J=compiled Java code, j=interpreted, Vv=VM code, C=native code)
V  [jvm.dll+0x4887a4]
V  [jvm.dll+0x48b1f1]
V  [jvm.dll+0x48b7b9]
V  [jvm.dll+0x48c53a]
V  [jvm.dll+0x473b5c]
V  [jvm.dll+0x476547]
V  [jvm.dll+0x458ff2]
V  [jvm.dll+0xa5932]
V  [jvm.dll+0xa626f]
V  [jvm.dll+0x244b1f]
V  [jvm.dll+0x29c36a]
C  [msvcr100.dll+0x21d9f]
C  [msvcr100.dll+0x21e3b]
C  [KERNEL32.DLL+0x12d92]
C  [ntdll.dll+0x9f64]


Current CompileTask:
C2:  13290 5140       4       java.net.URLClassLoader$1::run (5 bytes)


---------------  P R O C E S S  ---------------

Java Threads: ( => current thread )
  0x0000000019c88800 JavaThread "File lock request listener" [_thread_in_native, id=65936, stack(0x000000001e410000,0x000000001e510000)]
  0x0000000019be0000 JavaThread "Stdin handler" [_thread_blocked, id=65804, stack(0x000000001ab50000,0x000000001ac50000)]
  0x0000000019bd1800 JavaThread "Asynchronous log dispatcher for org.gradle.launcher.daemon.server.DefaultDaemonConnection@7ad8a770" [_thread_blocked, id=65800, stack(0x000000001aa50000,0x000000001ab50000)]
  0x0000000019bc9000 JavaThread "Daemon worker" [_thread_in_native, id=65788, stack(0x000000001a750000,0x000000001a850000)]
  0x0000000019478800 JavaThread "Cancel handler" [_thread_blocked, id=65784, stack(0x000000001a650000,0x000000001a750000)]
  0x000000001967b800 JavaThread "Handler for socket connection from /127.0.0.1:23818 to /127.0.0.1:23819" [_thread_in_native, id=65780, stack(0x000000001a550000,0x000000001a650000)]
  0x0000000019675800 JavaThread "Daemon" [_thread_blocked, id=65776, stack(0x000000001a450000,0x000000001a550000)]
  0x00000000193f6000 JavaThread "Incoming local TCP Connector on port 23818" [_thread_in_native, id=65768, stack(0x000000001a2f0000,0x000000001a3f0000)]
  0x000000001981c000 JavaThread "pool-1-thread-1" [_thread_blocked, id=65764, stack(0x0000000018fc0000,0x00000000190c0000)]
  0x0000000018056000 JavaThread "Service Thread" daemon [_thread_blocked, id=65744, stack(0x00000000185c0000,0x00000000186c0000)]
  0x00000000169be800 JavaThread "C1 CompilerThread2" daemon [_thread_blocked, id=65740, stack(0x00000000184c0000,0x00000000185c0000)]
=>0x00000000169bc800 JavaThread "C2 CompilerThread1" daemon [_thread_in_native, id=65736, stack(0x00000000183c0000,0x00000000184c0000)]
  0x00000000169ba000 JavaThread "C2 CompilerThread0" daemon [_thread_blocked, id=65732, stack(0x0000000017ec0000,0x0000000017fc0000)]
  0x00000000169b7800 JavaThread "Attach Listener" daemon [_thread_blocked, id=65728, stack(0x0000000017dc0000,0x0000000017ec0000)]
  0x000000001696d800 JavaThread "Signal Dispatcher" daemon [_thread_blocked, id=65724, stack(0x0000000017cc0000,0x0000000017dc0000)]
  0x0000000002feb000 JavaThread "Finalizer" daemon [_thread_blocked, id=65720, stack(0x0000000017bc0000,0x0000000017cc0000)]
  0x0000000002fe0000 JavaThread "Reference Handler" daemon [_thread_blocked, id=65716, stack(0x0000000017ac0000,0x0000000017bc0000)]
  0x0000000002ef0800 JavaThread "main" [_thread_blocked, id=65692, stack(0x00000000029c0000,0x0000000002ac0000)]

Other Threads:
  0x0000000016927800 VMThread [stack: 0x00000000179c0000,0x0000000017ac0000] [id=65712]
  0x000000001809c800 WatcherThread [stack: 0x00000000186c0000,0x00000000187c0000] [id=65748]

VM state:not at safepoint (normal execution)

VM Mutex/Monitor currently owned by a thread: None

Heap:
 PSYoungGen      total 142336K, used 20665K [0x00000000e0000000, 0x00000000ec080000, 0x0000000100000000)
  eden space 128512K, 5% used [0x00000000e0000000,0x00000000e075ed08,0x00000000e7d80000)
  from space 13824K, 94% used [0x00000000e7d80000,0x00000000e8a4fa30,0x00000000e8b00000)
  to   space 15360K, 0% used [0x00000000eb180000,0x00000000eb180000,0x00000000ec080000)
 ParOldGen       total 97792K, used 19566K [0x00000000a0000000, 0x00000000a5f80000, 0x00000000e0000000)
  object space 97792K, 20% used [0x00000000a0000000,0x00000000a131bac8,0x00000000a5f80000)
 Metaspace       used 42947K, capacity 43644K, committed 43776K, reserved 1087488K
  class space    used 5958K, capacity 6123K, committed 6144K, reserved 1048576K

Card table byte_map: [0x00000000123b0000,0x00000000126c0000] byte_map_base: 0x0000000011eb0000

Marking Bits: (ParMarkBitMap*) 0x00000000629ca6d0
 Begin Bits: [0x0000000012cc0000, 0x00000000144c0000)
 End Bits:   [0x00000000144c0000, 0x0000000015cc0000)

Polling page: 0x0000000002ac0000

CodeCache: size=245760Kb used=16599Kb max_used=17859Kb free=229161Kb
 bounds [0x0000000002ff0000, 0x0000000004180000, 0x0000000011ff0000]
 total_blobs=5364 nmethods=4664 adapters=611
 compilation: enabled

Compilation events (10 events):
Event: 12.969 Thread 0x00000000169be800 5186       3       org.gradle.api.internal.artifacts.dependencies.DefaultExternalModuleDependency_Decorated::getConventionMapping (30 bytes)
Event: 12.969 Thread 0x00000000169be800 nmethod 5186 0x0000000004170550 code [0x0000000004170700, 0x0000000004170de8]
Event: 12.969 Thread 0x00000000169be800 5187       3       java.net.URI::getAuthority (23 bytes)
Event: 12.969 Thread 0x00000000169be800 nmethod 5187 0x0000000004171110 code [0x0000000004171280, 0x0000000004171488]
Event: 13.056 Thread 0x00000000169be800 5189       3       org.apache.xerces.util.XMLAttributesImpl::setValue (18 bytes)
Event: 13.056 Thread 0x00000000169be800 nmethod 5189 0x0000000004171510 code [0x0000000004171660, 0x0000000004171810]
Event: 13.056 Thread 0x00000000169be800 5190       3       org.apache.xerces.util.XMLAttributesImpl::setSpecified (11 bytes)
Event: 13.057 Thread 0x00000000169be800 nmethod 5190 0x0000000003116710 code [0x0000000003116860, 0x00000000031169f0]
Event: 13.060 Thread 0x00000000169be800 5191       3       org.apache.xerces.util.AugmentationsImpl::removeAllItems (8 bytes)
Event: 13.061 Thread 0x00000000169be800 nmethod 5191 0x000000000313dc90 code [0x000000000313de00, 0x000000000313e028]

GC Heap History (10 events):
Event: 6.419 GC heap before
{Heap before GC invocations=6 (full 1):
 PSYoungGen      total 71680K, used 66560K [0x00000000e0000000, 0x00000000e4b00000, 0x0000000100000000)
  eden space 66560K, 100% used [0x00000000e0000000,0x00000000e4100000,0x00000000e4100000)
  from space 5120K, 0% used [0x00000000e4600000,0x00000000e4600000,0x00000000e4b00000)
  to   space 5120K, 0% used [0x00000000e4100000,0x00000000e4100000,0x00000000e4600000)
 ParOldGen       total 64000K, used 8751K [0x00000000a0000000, 0x00000000a3e80000, 0x00000000e0000000)
  object space 64000K, 13% used [0x00000000a0000000,0x00000000a088bd58,0x00000000a3e80000)
 Metaspace       used 25995K, capacity 26418K, committed 26624K, reserved 1073152K
  class space    used 3656K, capacity 3795K, committed 3840K, reserved 1048576K
Event: 6.429 GC heap after
Heap after GC invocations=6 (full 1):
 PSYoungGen      total 71680K, used 5089K [0x00000000e0000000, 0x00000000e7280000, 0x0000000100000000)
  eden space 66560K, 0% used [0x00000000e0000000,0x00000000e0000000,0x00000000e4100000)
  from space 5120K, 99% used [0x00000000e4100000,0x00000000e45f84d8,0x00000000e4600000)
  to   space 10240K, 0% used [0x00000000e6880000,0x00000000e6880000,0x00000000e7280000)
 ParOldGen       total 64000K, used 11127K [0x00000000a0000000, 0x00000000a3e80000, 0x00000000e0000000)
  object space 64000K, 17% used [0x00000000a0000000,0x00000000a0adde88,0x00000000a3e80000)
 Metaspace       used 25995K, capacity 26418K, committed 26624K, reserved 1073152K
  class space    used 3656K, capacity 3795K, committed 3840K, reserved 1048576K
}
Event: 7.735 GC heap before
{Heap before GC invocations=7 (full 1):
 PSYoungGen      total 71680K, used 71649K [0x00000000e0000000, 0x00000000e7280000, 0x0000000100000000)
  eden space 66560K, 100% used [0x00000000e0000000,0x00000000e4100000,0x00000000e4100000)
  from space 5120K, 99% used [0x00000000e4100000,0x00000000e45f84d8,0x00000000e4600000)
  to   space 10240K, 0% used [0x00000000e6880000,0x00000000e6880000,0x00000000e7280000)
 ParOldGen       total 64000K, used 11127K [0x00000000a0000000, 0x00000000a3e80000, 0x00000000e0000000)
  object space 64000K, 17% used [0x00000000a0000000,0x00000000a0adde88,0x00000000a3e80000)
 Metaspace       used 27883K, capacity 28362K, committed 28672K, reserved 1073152K
  class space    used 3872K, capacity 3991K, committed 4096K, reserved 1048576K
Event: 7.742 GC heap after
Heap after GC invocations=7 (full 1):
 PSYoungGen      total 100864K, used 5278K [0x00000000e0000000, 0x00000000e6f80000, 0x0000000100000000)
  eden space 93696K, 0% used [0x00000000e0000000,0x00000000e0000000,0x00000000e5b80000)
  from space 7168K, 73% used [0x00000000e6880000,0x00000000e6da79f8,0x00000000e6f80000)
  to   space 10240K, 0% used [0x00000000e5b80000,0x00000000e5b80000,0x00000000e6580000)
 ParOldGen       total 64000K, used 11207K [0x00000000a0000000, 0x00000000a3e80000, 0x00000000e0000000)
  object space 64000K, 17% used [0x00000000a0000000,0x00000000a0af1eb0,0x00000000a3e80000)
 Metaspace       used 27883K, capacity 28362K, committed 28672K, reserved 1073152K
  class space    used 3872K, capacity 3991K, committed 4096K, reserved 1048576K
}
Event: 9.895 GC heap before
{Heap before GC invocations=8 (full 1):
 PSYoungGen      total 100864K, used 98974K [0x00000000e0000000, 0x00000000e6f80000, 0x0000000100000000)
  eden space 93696K, 100% used [0x00000000e0000000,0x00000000e5b80000,0x00000000e5b80000)
  from space 7168K, 73% used [0x00000000e6880000,0x00000000e6da79f8,0x00000000e6f80000)
  to   space 10240K, 0% used [0x00000000e5b80000,0x00000000e5b80000,0x00000000e6580000)
 ParOldGen       total 64000K, used 11207K [0x00000000a0000000, 0x00000000a3e80000, 0x00000000e0000000)
  object space 64000K, 17% used [0x00000000a0000000,0x00000000a0af1eb0,0x00000000a3e80000)
 Metaspace       used 33486K, capacity 34054K, committed 34304K, reserved 1079296K
  class space    used 4594K, capacity 4756K, committed 4864K, reserved 1048576K
Event: 9.912 GC heap after
Heap after GC invocations=8 (full 1):
 PSYoungGen      total 103936K, used 10221K [0x00000000e0000000, 0x00000000e9700000, 0x0000000100000000)
  eden space 93696K, 0% used [0x00000000e0000000,0x00000000e0000000,0x00000000e5b80000)
  from space 10240K, 99% used [0x00000000e5b80000,0x00000000e657b778,0x00000000e6580000)
  to   space 12288K, 0% used [0x00000000e8b00000,0x00000000e8b00000,0x00000000e9700000)
 ParOldGen       total 64000K, used 12546K [0x00000000a0000000, 0x00000000a3e80000, 0x00000000e0000000)
  object space 64000K, 19% used [0x00000000a0000000,0x00000000a0c409d0,0x00000000a3e80000)
 Metaspace       used 33486K, capacity 34054K, committed 34304K, reserved 1079296K
  class space    used 4594K, capacity 4756K, committed 4864K, reserved 1048576K
}
Event: 10.399 GC heap before
{Heap before GC invocations=9 (full 1):
 PSYoungGen      total 103936K, used 48727K [0x00000000e0000000, 0x00000000e9700000, 0x0000000100000000)
  eden space 93696K, 41% used [0x00000000e0000000,0x00000000e259a488,0x00000000e5b80000)
  from space 10240K, 99% used [0x00000000e5b80000,0x00000000e657b778,0x00000000e6580000)
  to   space 12288K, 0% used [0x00000000e8b00000,0x00000000e8b00000,0x00000000e9700000)
 ParOldGen       total 64000K, used 12546K [0x00000000a0000000, 0x00000000a3e80000, 0x00000000e0000000)
  object space 64000K, 19% used [0x00000000a0000000,0x00000000a0c409d0,0x00000000a3e80000)
 Metaspace       used 34775K, capacity 35326K, committed 35456K, reserved 1079296K
  class space    used 4794K, capacity 4923K, committed 4992K, reserved 1048576K
Event: 10.429 GC heap after
Heap after GC invocations=9 (full 1):
 PSYoungGen      total 140800K, used 12282K [0x00000000e0000000, 0x00000000eab80000, 0x0000000100000000)
  eden space 128512K, 0% used [0x00000000e0000000,0x00000000e0000000,0x00000000e7d80000)
  from space 12288K, 99% used [0x00000000e8b00000,0x00000000e96fe9a0,0x00000000e9700000)
  to   space 13824K, 0% used [0x00000000e7d80000,0x00000000e7d80000,0x00000000e8b00000)
 ParOldGen       total 64000K, used 12586K [0x00000000a0000000, 0x00000000a3e80000, 0x00000000e0000000)
  object space 64000K, 19% used [0x00000000a0000000,0x00000000a0c4a9d0,0x00000000a3e80000)
 Metaspace       used 34775K, capacity 35326K, committed 35456K, reserved 1079296K
  class space    used 4794K, capacity 4923K, committed 4992K, reserved 1048576K
}
Event: 10.429 GC heap before
{Heap before GC invocations=10 (full 2):
 PSYoungGen      total 140800K, used 12282K [0x00000000e0000000, 0x00000000eab80000, 0x0000000100000000)
  eden space 128512K, 0% used [0x00000000e0000000,0x00000000e0000000,0x00000000e7d80000)
  from space 12288K, 99% used [0x00000000e8b00000,0x00000000e96fe9a0,0x00000000e9700000)
  to   space 13824K, 0% used [0x00000000e7d80000,0x00000000e7d80000,0x00000000e8b00000)
 ParOldGen       total 64000K, used 12586K [0x00000000a0000000, 0x00000000a3e80000, 0x00000000e0000000)
  object space 64000K, 19% used [0x00000000a0000000,0x00000000a0c4a9d0,0x00000000a3e80000)
 Metaspace       used 34775K, capacity 35326K, committed 35456K, reserved 1079296K
  class space    used 4794K, capacity 4923K, committed 4992K, reserved 1048576K
Event: 10.562 GC heap after
Heap after GC invocations=10 (full 2):
 PSYoungGen      total 140800K, used 0K [0x00000000e0000000, 0x00000000eab80000, 0x0000000100000000)
  eden space 128512K, 0% used [0x00000000e0000000,0x00000000e0000000,0x00000000e7d80000)
  from space 12288K, 0% used [0x00000000e8b00000,0x00000000e8b00000,0x00000000e9700000)
  to   space 13824K, 0% used [0x00000000e7d80000,0x00000000e7d80000,0x00000000e8b00000)
 ParOldGen       total 97792K, used 19494K [0x00000000a0000000, 0x00000000a5f80000, 0x00000000e0000000)
  object space 97792K, 19% used [0x00000000a0000000,0x00000000a1309ab8,0x00000000a5f80000)
 Metaspace       used 34775K, capacity 35326K, committed 35456K, reserved 1079296K
  class space    used 4794K, capacity 4923K, committed 4992K, reserved 1048576K
}

Deoptimization events (10 events):
Event: 12.808 Thread 0x0000000019bc9000 Uncommon trap: reason=unstable_if action=reinterpret pc=0x0000000003bb451c method=org.objectweb.asm.Type.getArgumentsAndReturnSizes(Ljava/lang/String;)I @ 47
Event: 12.995 Thread 0x0000000019bc9000 Uncommon trap: reason=range_check action=make_not_entrant pc=0x000000000402a754 method=java.lang.String.charAt(I)C @ 27
Event: 13.053 Thread 0x0000000019bc9000 Uncommon trap: reason=bimorphic action=maybe_recompile pc=0x0000000003aace6c method=org.apache.xerces.impl.XMLEntityManager$RewindableInputStream.read()I @ 91
Event: 13.053 Thread 0x0000000019bc9000 Uncommon trap: reason=bimorphic action=maybe_recompile pc=0x0000000003aace6c method=org.apache.xerces.impl.XMLEntityManager$RewindableInputStream.read()I @ 91
Event: 13.053 Thread 0x0000000019bc9000 Uncommon trap: reason=bimorphic action=maybe_recompile pc=0x0000000003aace6c method=org.apache.xerces.impl.XMLEntityManager$RewindableInputStream.read()I @ 91
Event: 13.053 Thread 0x0000000019bc9000 Uncommon trap: reason=bimorphic action=maybe_recompile pc=0x0000000003aace6c method=org.apache.xerces.impl.XMLEntityManager$RewindableInputStream.read()I @ 91
Event: 13.054 Thread 0x0000000019bc9000 Uncommon trap: reason=class_check action=maybe_recompile pc=0x0000000003969afc method=org.apache.xerces.impl.XMLDocumentFragmentScannerImpl.scanContent()I @ 82
Event: 13.055 Thread 0x0000000019bc9000 Uncommon trap: reason=class_check action=maybe_recompile pc=0x0000000003969afc method=org.apache.xerces.impl.XMLDocumentFragmentScannerImpl.scanContent()I @ 82
Event: 13.055 Thread 0x0000000019bc9000 Uncommon trap: reason=class_check action=maybe_recompile pc=0x0000000003969afc method=org.apache.xerces.impl.XMLDocumentFragmentScannerImpl.scanContent()I @ 82
Event: 13.055 Thread 0x0000000019bc9000 Uncommon trap: reason=class_check action=maybe_recompile pc=0x0000000003969afc method=org.apache.xerces.impl.XMLDocumentFragmentScannerImpl.scanContent()I @ 82

Internal exceptions (10 events):
Event: 12.901 Thread 0x0000000019bc9000 Exception <a 'java/lang/ClassNotFoundException': com/android/build/gradle/internal/tasks/UninstallTaskCustomizer> (0x00000000e77aff48) thrown at [C:\re\workspace\8-2-build-windows-amd64-cygwin\jdk8u112\7884\hotspot\src\share\vm\classfile\systemDictionary.
Event: 12.906 Thread 0x0000000019bc9000 Exception <a 'java/lang/ClassNotFoundException': com/android/build/gradle/internal/tasks/UninstallTask_DecoratedCustomizer> (0x00000000e77da6f8) thrown at [C:\re\workspace\8-2-build-windows-amd64-cygwin\jdk8u112\7884\hotspot\src\share\vm\classfile\systemD
Event: 12.910 Thread 0x0000000019bc9000 Exception <a 'java/lang/ClassNotFoundException': com/android/build/gradle/tasks/Lint$ConfigActionBeanInfo> (0x00000000e78514e0) thrown at [C:\re\workspace\8-2-build-windows-amd64-cygwin\jdk8u112\7884\hotspot\src\share\vm\classfile\systemDictionary.cpp, li
Event: 12.910 Thread 0x0000000019bc9000 Exception <a 'java/lang/ClassNotFoundException': com/android/build/gradle/tasks/Lint$ConfigActionCustomizer> (0x00000000e7861c80) thrown at [C:\re\workspace\8-2-build-windows-amd64-cygwin\jdk8u112\7884\hotspot\src\share\vm\classfile\systemDictionary.cpp, 
Event: 12.922 Thread 0x0000000019bc9000 Exception <a 'java/lang/ClassNotFoundException': com/android/build/gradle/internal/SdkHandlerBeanInfo> (0x00000000e78a8560) thrown at [C:\re\workspace\8-2-build-windows-amd64-cygwin\jdk8u112\7884\hotspot\src\share\vm\classfile\systemDictionary.cpp, line 2
Event: 12.923 Thread 0x0000000019bc9000 Exception <a 'java/lang/ClassNotFoundException': com/android/build/gradle/internal/SdkHandlerCustomizer> (0x00000000e78b94a0) thrown at [C:\re\workspace\8-2-build-windows-amd64-cygwin\jdk8u112\7884\hotspot\src\share\vm\classfile\systemDictionary.cpp, line
Event: 12.934 Thread 0x0000000019bc9000 Exception <a 'java/lang/ClassNotFoundException': java/lang/StringBeanInfo> (0x00000000e7902bf8) thrown at [C:\re\workspace\8-2-build-windows-amd64-cygwin\jdk8u112\7884\hotspot\src\share\vm\classfile\systemDictionary.cpp, line 210]
Event: 12.934 Thread 0x0000000019bc9000 Exception <a 'java/lang/ClassNotFoundException': java/lang/StringCustomizer> (0x00000000e7908ad0) thrown at [C:\re\workspace\8-2-build-windows-amd64-cygwin\jdk8u112\7884\hotspot\src\share\vm\classfile\systemDictionary.cpp, line 210]
Event: 12.961 Thread 0x0000000019bc9000 Exception <a 'java/lang/ClassNotFoundException': org/gradle/api/plugins/JavaBasePluginBeanInfo> (0x00000000e79884e8) thrown at [C:\re\workspace\8-2-build-windows-amd64-cygwin\jdk8u112\7884\hotspot\src\share\vm\classfile\systemDictionary.cpp, line 210]
Event: 12.961 Thread 0x0000000019bc9000 Exception <a 'java/lang/ClassNotFoundException': org/gradle/api/plugins/JavaBasePluginCustomizer> (0x00000000e79a30f0) thrown at [C:\re\workspace\8-2-build-windows-amd64-cygwin\jdk8u112\7884\hotspot\src\share\vm\classfile\systemDictionary.cpp, line 210]

Events (10 events):
Event: 13.061 Thread 0x00000000169be800 flushing nmethod 0x00000000032b4dd0
Event: 13.061 Thread 0x00000000169be800 flushing nmethod 0x00000000032c7990
Event: 13.061 Thread 0x00000000169be800 flushing nmethod 0x00000000032cf110
Event: 13.061 Thread 0x00000000169be800 flushing nmethod 0x00000000032d4250
Event: 13.061 Thread 0x00000000169be800 flushing nmethod 0x00000000032eb050
Event: 13.061 Thread 0x00000000169be800 flushing nmethod 0x00000000032f2250
Event: 13.061 Thread 0x00000000169be800 flushing nmethod 0x00000000032fa990
Event: 13.061 Thread 0x00000000169be800 flushing nmethod 0x00000000032fea10
Event: 13.062 Thread 0x00000000169be800 flushing nmethod 0x0000000003322ed0
Event: 13.062 Thread 0x00000000169be800 flushing nmethod 0x000000000334c190


Dynamic libraries:
0x00007ff7f7180000 - 0x00007ff7f71b7000 	C:\Program Files\Java\jdk1.8.0_112\bin\java.exe
0x00007ffc9a4f0000 - 0x00007ffc9a6b2000 	C:\Windows\SYSTEM32\ntdll.dll
0x00007ffc981f0000 - 0x00007ffc9829d000 	C:\Windows\system32\KERNEL32.DLL
0x00007ffc979d0000 - 0x00007ffc97bad000 	C:\Windows\system32\KERNELBASE.dll
0x00007ffc9a440000 - 0x00007ffc9a4e6000 	C:\Windows\system32\ADVAPI32.dll
0x00007ffc9a3a0000 - 0x00007ffc9a43d000 	C:\Windows\system32\msvcrt.dll
0x00007ffc97ef0000 - 0x00007ffc97f4b000 	C:\Windows\system32\sechost.dll
0x00007ffc99830000 - 0x00007ffc99956000 	C:\Windows\system32\RPCRT4.dll
0x00007ffc98090000 - 0x00007ffc981de000 	C:\Windows\system32\USER32.dll
0x00007ffc97c10000 - 0x00007ffc97d95000 	C:\Windows\system32\GDI32.dll
0x00007ffc8d740000 - 0x00007ffc8d9b4000 	C:\Windows\WinSxS\amd64_microsoft.windows.common-controls_6595b64144ccf1df_6.0.10240.17113_none_f41e180257520c58\COMCTL32.dll
0x00007ffc99e10000 - 0x00007ffc99e46000 	C:\Windows\system32\IMM32.DLL
0x00007ffc99a40000 - 0x00007ffc99b9c000 	C:\Windows\system32\MSCTF.dll
0x0000000061c30000 - 0x0000000061d02000 	C:\Program Files\Java\jdk1.8.0_112\jre\bin\msvcr100.dll
0x00000000621b0000 - 0x0000000062a4a000 	C:\Program Files\Java\jdk1.8.0_112\jre\bin\server\jvm.dll
0x00007ffc99bc0000 - 0x00007ffc99bc8000 	C:\Windows\system32\PSAPI.DLL
0x00007ffc8cea0000 - 0x00007ffc8ceaa000 	C:\Windows\SYSTEM32\VERSION.dll
0x00007ffc94e10000 - 0x00007ffc94e33000 	C:\Windows\SYSTEM32\WINMM.dll
0x00007ffc954b0000 - 0x00007ffc954b9000 	C:\Windows\SYSTEM32\WSOCK32.dll
0x00007ffc94d90000 - 0x00007ffc94dbc000 	C:\Windows\SYSTEM32\WINMMBASE.dll
0x00007ffc99da0000 - 0x00007ffc99e09000 	C:\Windows\system32\WS2_32.dll
0x00007ffc97980000 - 0x00007ffc979c4000 	C:\Windows\system32\cfgmgr32.dll
0x00007ffc981e0000 - 0x00007ffc981e8000 	C:\Windows\system32\NSI.dll
0x00007ffc957b0000 - 0x00007ffc957d7000 	C:\Windows\SYSTEM32\DEVOBJ.dll
0x0000000062ed0000 - 0x0000000062edf000 	C:\Program Files\Java\jdk1.8.0_112\jre\bin\verify.dll
0x0000000062ea0000 - 0x0000000062ec9000 	C:\Program Files\Java\jdk1.8.0_112\jre\bin\java.dll
0x0000000062e80000 - 0x0000000062e96000 	C:\Program Files\Java\jdk1.8.0_112\jre\bin\zip.dll
0x00007ffc98300000 - 0x00007ffc99823000 	C:\Windows\system32\SHELL32.dll
0x00007ffc972f0000 - 0x00007ffc97919000 	C:\Windows\system32\windows.storage.dll
0x00007ffc9a0c0000 - 0x00007ffc9a33c000 	C:\Windows\system32\combase.dll
0x00007ffc97bb0000 - 0x00007ffc97c01000 	C:\Windows\system32\shlwapi.dll
0x00007ffc96f10000 - 0x00007ffc96f1f000 	C:\Windows\system32\kernel.appcore.dll
0x00007ffc97230000 - 0x00007ffc972e3000 	C:\Windows\system32\shcore.dll
0x00007ffc96f20000 - 0x00007ffc96f6a000 	C:\Windows\system32\powrprof.dll
0x00007ffc96f90000 - 0x00007ffc96fa3000 	C:\Windows\system32\profapi.dll
0x0000000062e60000 - 0x0000000062e7a000 	C:\Program Files\Java\jdk1.8.0_112\jre\bin\net.dll
0x00007ffc966f0000 - 0x00007ffc9674d000 	C:\Windows\system32\mswsock.dll
0x0000000062e40000 - 0x0000000062e51000 	C:\Program Files\Java\jdk1.8.0_112\jre\bin\nio.dll
0x00007ffc8c4b0000 - 0x00007ffc8c4c2000 	C:\Users\Administrator\.gradle\native\19\windows-amd64\native-platform.dll
0x00007ffc96750000 - 0x00007ffc96767000 	C:\Windows\SYSTEM32\CRYPTSP.dll
0x00007ffc96e50000 - 0x00007ffc96e78000 	C:\Windows\SYSTEM32\bcrypt.dll
0x00007ffc96380000 - 0x00007ffc963b3000 	C:\Windows\system32\rsaenh.dll
0x00007ffc96660000 - 0x00007ffc9667f000 	C:\Windows\SYSTEM32\USERENV.dll
0x00007ffc96cb0000 - 0x00007ffc96d1b000 	C:\Windows\system32\bcryptprimitives.dll
0x00007ffc969b0000 - 0x00007ffc969bb000 	C:\Windows\SYSTEM32\CRYPTBASE.dll
0x00007ffc955a0000 - 0x00007ffc955d8000 	C:\Windows\SYSTEM32\IPHLPAPI.DLL
0x00007ffc95300000 - 0x00007ffc9530b000 	C:\Windows\SYSTEM32\WINNSI.DLL
0x00007ffc8edf0000 - 0x00007ffc8ee06000 	C:\Windows\SYSTEM32\dhcpcsvc6.DLL
0x00007ffc8edd0000 - 0x00007ffc8edea000 	C:\Windows\SYSTEM32\dhcpcsvc.DLL
0x0000000062aa0000 - 0x0000000062aad000 	C:\Program Files\Java\jdk1.8.0_112\jre\bin\management.dll
0x00007ffc7b300000 - 0x00007ffc7b48a000 	C:\Windows\SYSTEM32\dbghelp.dll

VM Arguments:
jvm_args: -Xmx1536m -Dfile.encoding=GBK -Duser.country=CN -Duser.language=zh -Duser.variant 
java_command: org.gradle.launcher.daemon.bootstrap.GradleDaemon 2.14.1
java_class_path (initial): C:\Users\Administrator\.gradle\wrapper\dists\gradle-2.14.1-all\8bnwg5hd3w55iofp58khbp6yv\gradle-2.14.1\lib\gradle-launcher-2.14.1.jar
Launcher Type: SUN_STANDARD

Environment Variables:
JAVA_HOME=C:\Program Files\Java\jdk1.8.0_112
CLASSPATH=.;C:\Program Files\Java\jdk1.8.0_112\lib;C:\Program Files\Java\jdk1.8.0_112\lib\tools.jar
PATH=C:\Program Files (x86)\MySQL\MySQL Server 5.5\bin;E:\adt-bundle-windows-x86_64-20140702\adt-bundle-windows-x86_64-20140702\sdk\platform-tools;C:\Program Files\Java\jdk1.8.0_112\bin;C:\ProgramData\Oracle\Java\javapath;C:\Windows\system32;C:\Windows;C:\Windows\System32\Wbem;C:\Windows\System32\WindowsPowerShell\v1.0\;%USERPROFILE%\.dnx\bin;C:\Program Files\Microsoft DNX\Dnvm\;C:\Program Files\Microsoft SQL Server\130\Tools\Binn\;C:\Program Files (x86)\MySQL\MySQL Server 5.5\bin;F:\BaiduYunDownload\JeeSite\apache-maven-3.3.9-bin\apache-maven-3.3.9\bin;F:\TomCat\apache-tomcat-7.0.40-windows-x64\apache-tomcat-7.0.40
USERNAME=Administrator
OS=Windows_NT
PROCESSOR_IDENTIFIER=Intel64 Family 6 Model 60 Stepping 3, GenuineIntel



---------------  S Y S T E M  ---------------

OS: Windows 10.0 , 64 bit Build 10240 (10.0.10240.17113)

CPU:total 4 (4 cores per cpu, 1 threads per core) family 6 model 60 stepping 3, cmov, cx8, fxsr, mmx, sse, sse2, sse3, ssse3, sse4.1, sse4.2, popcnt, avx, avx2, aes, clmul, erms, lzcnt, tsc, tscinvbit, bmi1, bmi2

Memory: 4k page, physical 8312256k(3633376k free), swap 16700864k(11182560k free)

vm_info: Java HotSpot(TM) 64-Bit Server VM (25.112-b15) for windows-amd64 JRE (1.8.0_112-b15), built on Sep 22 2016 21:31:56 by "java_re" with MS VC++ 10.0 (VS2010)

time: Sun Mar 26 16:38:25 2017
elapsed time: 13 seconds (0d 0h 0m 13s)

